<?xml version="1.0" encoding="UTF-8"?>
<testng-results skipped="1" failed="1" total="4" passed="2">
  <reporter-output>
  </reporter-output>
  <suite name="Default suite" duration-ms="8415" started-at="2020-10-20T11:15:37Z" finished-at="2020-10-20T11:15:45Z">
    <groups>
    </groups>
    <test name="Default test" duration-ms="8415" started-at="2020-10-20T11:15:37Z" finished-at="2020-10-20T11:15:45Z">
      <class name="testnglearn.Test">
        <test-method status="PASS" signature="start()[pri:0, instance:testnglearn.Test@3e9b1010]" name="start" is-config="true" duration-ms="374" started-at="2020-10-20T16:45:37Z" finished-at="2020-10-20T16:45:37Z">
          <reporter-output>
          </reporter-output>
        </test-method> <!-- start -->
        <test-method status="PASS" signature="launching()[pri:1, instance:testnglearn.Test@3e9b1010]" name="launching" duration-ms="5140" started-at="2020-10-20T16:45:37Z" finished-at="2020-10-20T16:45:42Z">
          <reporter-output>
          </reporter-output>
        </test-method> <!-- launching -->
        <test-method status="PASS" signature="quit(org.testng.ITestResult)[pri:0, instance:testnglearn.Test@3e9b1010]" name="quit" is-config="true" duration-ms="12" started-at="2020-10-20T16:45:42Z" finished-at="2020-10-20T16:45:42Z">
          <params>
            <param index="0">
              <value>
                <![CDATA[[TestResult name=launching status=SUCCESS method=Test.launching()[pri:1, instance:testnglearn.Test@3e9b1010] output={null}]]]>
              </value>
            </param>
          </params>
          <reporter-output>
          </reporter-output>
        </test-method> <!-- quit -->
        <test-method status="PASS" signature="navigating()[pri:2, instance:testnglearn.Test@3e9b1010]" name="navigating" duration-ms="2301" started-at="2020-10-20T16:45:42Z" finished-at="2020-10-20T16:45:45Z">
          <reporter-output>
          </reporter-output>
        </test-method> <!-- navigating -->
        <test-method status="PASS" signature="quit(org.testng.ITestResult)[pri:0, instance:testnglearn.Test@3e9b1010]" name="quit" is-config="true" duration-ms="1" started-at="2020-10-20T16:45:45Z" finished-at="2020-10-20T16:45:45Z">
          <params>
            <param index="0">
              <value>
                <![CDATA[[TestResult name=navigating status=SUCCESS method=Test.navigating()[pri:2, instance:testnglearn.Test@3e9b1010] output={null}]]]>
              </value>
            </param>
          </params>
          <reporter-output>
          </reporter-output>
        </test-method> <!-- quit -->
        <test-method status="FAIL" signature="data()[pri:3, instance:testnglearn.Test@3e9b1010]" name="data" duration-ms="5" started-at="2020-10-20T16:45:45Z" finished-at="2020-10-20T16:45:45Z">
          <exception class="java.lang.AssertionError">
            <message>
              <![CDATA[null]]>
            </message>
            <full-stacktrace>
              <![CDATA[java.lang.AssertionError: null
	at org.testng.Assert.fail(Assert.java:94)
	at org.testng.Assert.fail(Assert.java:101)
	at testnglearn.Test.data(Test.java:74)
	at sun.reflect.NativeMethodAccessorImpl.invoke0(Native Method)
	at sun.reflect.NativeMethodAccessorImpl.invoke(Unknown Source)
	at sun.reflect.DelegatingMethodAccessorImpl.invoke(Unknown Source)
	at java.lang.reflect.Method.invoke(Unknown Source)
	at org.testng.internal.MethodInvocationHelper.invokeMethod(MethodInvocationHelper.java:100)
	at org.testng.internal.Invoker.invokeMethod(Invoker.java:646)
	at org.testng.internal.Invoker.invokeTestMethod(Invoker.java:811)
	at org.testng.internal.Invoker.invokeTestMethods(Invoker.java:1129)
	at org.testng.internal.TestMethodWorker.invokeTestMethods(TestMethodWorker.java:129)
	at org.testng.internal.TestMethodWorker.run(TestMethodWorker.java:112)
	at org.testng.TestRunner.privateRun(TestRunner.java:746)
	at org.testng.TestRunner.run(TestRunner.java:600)
	at org.testng.SuiteRunner.runTest(SuiteRunner.java:366)
	at org.testng.SuiteRunner.runSequentially(SuiteRunner.java:361)
	at org.testng.SuiteRunner.privateRun(SuiteRunner.java:319)
	at org.testng.SuiteRunner.run(SuiteRunner.java:268)
	at org.testng.SuiteRunnerWorker.runSuite(SuiteRunnerWorker.java:52)
	at org.testng.SuiteRunnerWorker.run(SuiteRunnerWorker.java:86)
	at org.testng.TestNG.runSuitesSequentially(TestNG.java:1264)
	at org.testng.TestNG.runSuitesLocally(TestNG.java:1189)
	at org.testng.TestNG.runSuites(TestNG.java:1104)
	at org.testng.TestNG.run(TestNG.java:1076)
	at org.testng.remote.AbstractRemoteTestNG.run(AbstractRemoteTestNG.java:126)
	at org.testng.remote.RemoteTestNG.initAndRun(RemoteTestNG.java:152)
	at org.testng.remote.RemoteTestNG.main(RemoteTestNG.java:57)
]]>
            </full-stacktrace>
          </exception> <!-- java.lang.AssertionError -->
          <reporter-output>
          </reporter-output>
        </test-method> <!-- data -->
        <test-method status="PASS" signature="quit(org.testng.ITestResult)[pri:0, instance:testnglearn.Test@3e9b1010]" name="quit" is-config="true" duration-ms="3" started-at="2020-10-20T16:45:45Z" finished-at="2020-10-20T16:45:45Z">
          <params>
            <param index="0">
              <value>
                <![CDATA[[TestResult name=data status=FAILURE method=Test.data()[pri:3, instance:testnglearn.Test@3e9b1010] output={null}]]]>
              </value>
            </param>
          </params>
          <reporter-output>
          </reporter-output>
        </test-method> <!-- quit -->
        <test-method status="SKIP" signature="senddata()[pri:4, instance:testnglearn.Test@3e9b1010]" name="senddata" duration-ms="2" started-at="2020-10-20T16:45:45Z" finished-at="2020-10-20T16:45:45Z">
          <exception class="org.testng.SkipException">
            <message>
              <![CDATA[skipped]]>
            </message>
            <full-stacktrace>
              <![CDATA[org.testng.SkipException: skipped
	at testnglearn.Test.senddata(Test.java:67)
	at sun.reflect.NativeMethodAccessorImpl.invoke0(Native Method)
	at sun.reflect.NativeMethodAccessorImpl.invoke(Unknown Source)
	at sun.reflect.DelegatingMethodAccessorImpl.invoke(Unknown Source)
	at java.lang.reflect.Method.invoke(Unknown Source)
	at org.testng.internal.MethodInvocationHelper.invokeMethod(MethodInvocationHelper.java:100)
	at org.testng.internal.Invoker.invokeMethod(Invoker.java:646)
	at org.testng.internal.Invoker.invokeTestMethod(Invoker.java:811)
	at org.testng.internal.Invoker.invokeTestMethods(Invoker.java:1129)
	at org.testng.internal.TestMethodWorker.invokeTestMethods(TestMethodWorker.java:129)
	at org.testng.internal.TestMethodWorker.run(TestMethodWorker.java:112)
	at org.testng.TestRunner.privateRun(TestRunner.java:746)
	at org.testng.TestRunner.run(TestRunner.java:600)
	at org.testng.SuiteRunner.runTest(SuiteRunner.java:366)
	at org.testng.SuiteRunner.runSequentially(SuiteRunner.java:361)
	at org.testng.SuiteRunner.privateRun(SuiteRunner.java:319)
	at org.testng.SuiteRunner.run(SuiteRunner.java:268)
	at org.testng.SuiteRunnerWorker.runSuite(SuiteRunnerWorker.java:52)
	at org.testng.SuiteRunnerWorker.run(SuiteRunnerWorker.java:86)
	at org.testng.TestNG.runSuitesSequentially(TestNG.java:1264)
	at org.testng.TestNG.runSuitesLocally(TestNG.java:1189)
	at org.testng.TestNG.runSuites(TestNG.java:1104)
	at org.testng.TestNG.run(TestNG.java:1076)
	at org.testng.remote.AbstractRemoteTestNG.run(AbstractRemoteTestNG.java:126)
	at org.testng.remote.RemoteTestNG.initAndRun(RemoteTestNG.java:152)
	at org.testng.remote.RemoteTestNG.main(RemoteTestNG.java:57)
]]>
            </full-stacktrace>
          </exception> <!-- org.testng.SkipException -->
          <reporter-output>
          </reporter-output>
        </test-method> <!-- senddata -->
        <test-method status="PASS" signature="quit(org.testng.ITestResult)[pri:0, instance:testnglearn.Test@3e9b1010]" name="quit" is-config="true" duration-ms="9" started-at="2020-10-20T16:45:45Z" finished-at="2020-10-20T16:45:45Z">
          <params>
            <param index="0">
              <value>
                <![CDATA[[TestResult name=senddata status=SKIP method=Test.senddata()[pri:4, instance:testnglearn.Test@3e9b1010] output={null}]]]>
              </value>
            </param>
          </params>
          <reporter-output>
          </reporter-output>
        </test-method> <!-- quit -->
        <test-method status="PASS" signature="create()[pri:0, instance:testnglearn.Test@3e9b1010]" name="create" is-config="true" duration-ms="526" started-at="2020-10-20T16:45:45Z" finished-at="2020-10-20T16:45:45Z">
          <reporter-output>
          </reporter-output>
        </test-method> <!-- create -->
      </class> <!-- testnglearn.Test -->
    </test> <!-- Default test -->
  </suite> <!-- Default suite -->
</testng-results>
